{
  "RSpec": {
    "coverage": {
      "/home/dev/Documents/September/_5thSep/Projects/shopikuo/spec/controllers/products_controller_spec.rb": [
        null,
        null,
        1,
        null,
        1,
        1,
        1,
        1,
        1,
        null,
        1,
        null,
        1,
        1,
        0,
        null,
        1,
        0,
        null,
        1,
        0,
        0,
        0,
        null,
        1,
        0,
        0,
        0,
        null,
        null,
        null,
        1,
        1,
        0,
        null,
        1,
        0,
        null,
        1,
        0,
        0,
        0,
        null,
        1,
        0,
        0,
        0,
        null,
        null,
        null,
        1,
        1,
        0,
        null,
        1,
        0,
        null,
        1,
        0,
        0,
        0,
        0,
        null,
        null,
        null,
        0,
        0,
        0,
        0,
        0,
        null,
        null,
        null
      ],
      "/home/dev/Documents/September/_5thSep/Projects/shopikuo/spec/rails_helper.rb": [
        null,
        1,
        1,
        null,
        1,
        1,
        1,
        2,
        null,
        1,
        1,
        1,
        1,
        1,
        null,
        null,
        null,
        null,
        null,
        null,
        null,
        null,
        null,
        null,
        null,
        null,
        null,
        null,
        null,
        null,
        null,
        null,
        null,
        null,
        null,
        1,
        1,
        null,
        0,
        0,
        null,
        1,
        null,
        1,
        null,
        null,
        null,
        null,
        1,
        null,
        null,
        null,
        null,
        null,
        null,
        null,
        null,
        null,
        null,
        null,
        null,
        null,
        null,
        1,
        null,
        null,
        1,
        null,
        null,
        1,
        1,
        1,
        1,
        1,
        1,
        0,
        null,
        null
      ],
      "/home/dev/Documents/September/_5thSep/Projects/shopikuo/config/environment.rb": [
        null,
        1,
        null,
        null,
        1
      ],
      "/home/dev/Documents/September/_5thSep/Projects/shopikuo/config/application.rb": [
        1,
        null,
        1,
        null,
        null,
        null,
        1,
        null,
        1,
        1,
        null,
        1,
        null,
        null,
        null,
        null,
        null,
        null
      ],
      "/home/dev/Documents/September/_5thSep/Projects/shopikuo/config/boot.rb": [
        1,
        null,
        1,
        1
      ],
      "/home/dev/Documents/September/_5thSep/Projects/shopikuo/config/environments/test.rb": [
        1,
        null,
        null,
        null,
        null,
        null,
        null,
        1,
        null,
        null,
        null,
        null,
        1,
        null,
        null,
        1,
        1,
        null,
        null,
        null,
        null,
        1,
        1,
        null,
        null,
        1,
        null,
        null,
        1,
        null,
        null,
        1,
        null,
        1,
        null,
        null,
        null,
        null,
        1,
        null,
        null,
        1,
        null,
        null,
        null,
        null
      ],
      "/home/dev/Documents/September/_5thSep/Projects/shopikuo/config/initializers/application_controller_renderer.rb": [
        null,
        null,
        null,
        null,
        null,
        null,
        null,
        null
      ],
      "/home/dev/Documents/September/_5thSep/Projects/shopikuo/config/initializers/assets.rb": [
        null,
        null,
        null,
        1,
        null,
        null,
        null,
        null,
        1,
        null,
        null,
        null,
        null,
        null
      ],
      "/home/dev/Documents/September/_5thSep/Projects/shopikuo/config/initializers/backtrace_silencers.rb": [
        null,
        null,
        null,
        null,
        null,
        null,
        null
      ],
      "/home/dev/Documents/September/_5thSep/Projects/shopikuo/config/initializers/content_security_policy.rb": [
        null,
        null,
        null,
        null,
        null,
        null,
        null,
        null,
        null,
        null,
        null,
        null,
        null,
        null,
        null,
        null,
        null,
        null,
        null,
        null,
        null,
        null,
        null,
        null,
        null
      ],
      "/home/dev/Documents/September/_5thSep/Projects/shopikuo/config/initializers/cookies_serializer.rb": [
        null,
        null,
        null,
        null,
        1
      ],
      "/home/dev/Documents/September/_5thSep/Projects/shopikuo/config/initializers/devise.rb": [
        null,
        null,
        null,
        null,
        1,
        null,
        null,
        null,
        null,
        null,
        null,
        null,
        null,
        null,
        null,
        null,
        null,
        null,
        null,
        null,
        1,
        null,
        null,
        null,
        null,
        null,
        null,
        null,
        null,
        null,
        null,
        null,
        1,
        null,
        null,
        null,
        null,
        null,
        null,
        null,
        null,
        null,
        null,
        null,
        null,
        null,
        null,
        null,
        null,
        null,
        null,
        null,
        null,
        null,
        1,
        null,
        null,
        null,
        null,
        1,
        null,
        null,
        null,
        null,
        null,
        null,
        null,
        null,
        null,
        null,
        null,
        null,
        null,
        null,
        null,
        null,
        null,
        null,
        null,
        null,
        null,
        null,
        null,
        null,
        null,
        null,
        null,
        null,
        null,
        null,
        1,
        null,
        null,
        null,
        null,
        null,
        null,
        null,
        null,
        null,
        null,
        null,
        null,
        null,
        null,
        null,
        null,
        null,
        null,
        null,
        null,
        null,
        null,
        1,
        null,
        null,
        null,
        null,
        null,
        null,
        null,
        null,
        null,
        null,
        null,
        null,
        null,
        null,
        null,
        null,
        null,
        null,
        null,
        null,
        null,
        null,
        null,
        null,
        null,
        null,
        null,
        null,
        null,
        null,
        1,
        null,
        null,
        null,
        null,
        null,
        null,
        null,
        null,
        null,
        1,
        null,
        null,
        null,
        null,
        null,
        null,
        null,
        null,
        null,
        null,
        1,
        null,
        null,
        null,
        null,
        1,
        null,
        null,
        null,
        null,
        null,
        null,
        null,
        null,
        null,
        null,
        null,
        null,
        null,
        null,
        null,
        null,
        null,
        null,
        null,
        null,
        null,
        null,
        null,
        null,
        null,
        null,
        null,
        null,
        null,
        null,
        null,
        null,
        null,
        null,
        null,
        null,
        null,
        null,
        null,
        null,
        1,
        null,
        null,
        null,
        null,
        null,
        null,
        null,
        null,
        null,
        null,
        null,
        null,
        null,
        null,
        null,
        null,
        null,
        null,
        null,
        null,
        null,
        null,
        null,
        null,
        null,
        null,
        null,
        null,
        null,
        null,
        null,
        null,
        null,
        null,
        null,
        null,
        null,
        null,
        null,
        null,
        null,
        1,
        null,
        null,
        null,
        null,
        null,
        null,
        null,
        null,
        null,
        null,
        null,
        null,
        null,
        null,
        null,
        null,
        null,
        null,
        null,
        null,
        null,
        null,
        null,
        null,
        null,
        null,
        null,
        null,
        null,
        null,
        null,
        null,
        null,
        null,
        null,
        null
      ],
      "/home/dev/Documents/September/_5thSep/Projects/shopikuo/config/initializers/filter_parameter_logging.rb": [
        null,
        null,
        null,
        1
      ],
      "/home/dev/Documents/September/_5thSep/Projects/shopikuo/config/initializers/inflections.rb": [
        null,
        null,
        null,
        null,
        null,
        null,
        null,
        null,
        null,
        null,
        null,
        null,
        null,
        null,
        null,
        null
      ],
      "/home/dev/Documents/September/_5thSep/Projects/shopikuo/config/initializers/mime_types.rb": [
        null,
        null,
        null,
        null
      ],
      "/home/dev/Documents/September/_5thSep/Projects/shopikuo/config/initializers/stripe.rb": [
        1,
        null,
        null,
        null,
        null,
        1
      ],
      "/home/dev/Documents/September/_5thSep/Projects/shopikuo/config/initializers/warden.rb": [
        1,
        0,
        0,
        0,
        null,
        1,
        0,
        0,
        0,
        null,
        null
      ],
      "/home/dev/Documents/September/_5thSep/Projects/shopikuo/config/initializers/wrap_parameters.rb": [
        null,
        null,
        null,
        null,
        null,
        null,
        1,
        2,
        null,
        null,
        null,
        null,
        null,
        null
      ],
      "/home/dev/Documents/September/_5thSep/Projects/shopikuo/spec/factories/product.rb": [
        null,
        null,
        1,
        1,
        1,
        1,
        1,
        1,
        1,
        1,
        1,
        null,
        null
      ],
      "/home/dev/Documents/September/_5thSep/Projects/shopikuo/spec/factories/user.rb": [
        null,
        null,
        1,
        1,
        1,
        1,
        1,
        1,
        1,
        null,
        null,
        1,
        1,
        1,
        1,
        1,
        null,
        null,
        1,
        1,
        1,
        1,
        1,
        null,
        null,
        null,
        null
      ],
      "/home/dev/Documents/September/_5thSep/Projects/shopikuo/config/routes.rb": [
        null,
        null,
        null,
        1,
        1,
        null,
        1,
        null,
        1,
        1,
        1,
        null,
        null,
        null,
        null,
        1,
        null,
        null,
        1,
        1,
        1,
        null,
        1,
        null,
        1,
        null,
        1,
        null,
        1,
        null,
        1,
        null,
        1,
        1,
        null,
        1,
        1,
        null
      ],
      "/home/dev/Documents/September/_5thSep/Projects/shopikuo/app/models/user.rb": [
        null,
        null,
        null,
        1,
        null,
        null,
        1,
        null,
        1,
        1,
        1,
        1,
        1,
        null,
        null,
        null,
        1,
        0,
        0,
        null,
        0,
        null,
        null,
        null,
        1,
        0,
        null,
        null
      ],
      "/home/dev/Documents/September/_5thSep/Projects/shopikuo/app/models/application_record.rb": [
        1,
        1,
        null
      ],
      "/home/dev/Documents/September/_5thSep/Projects/shopikuo/app/helpers/application_helper.rb": [
        1,
        null
      ],
      "/home/dev/Documents/September/_5thSep/Projects/shopikuo/app/helpers/charges_helper.rb": [
        1,
        null
      ],
      "/home/dev/Documents/September/_5thSep/Projects/shopikuo/app/helpers/comments_helper.rb": [
        1,
        1,
        null,
        0,
        0,
        null,
        null
      ],
      "/home/dev/Documents/September/_5thSep/Projects/shopikuo/app/helpers/images_helper.rb": [
        1,
        null
      ],
      "/home/dev/Documents/September/_5thSep/Projects/shopikuo/app/helpers/order_products_helper.rb": [
        1,
        null
      ],
      "/home/dev/Documents/September/_5thSep/Projects/shopikuo/app/helpers/orders_helper.rb": [
        1,
        null
      ],
      "/home/dev/Documents/September/_5thSep/Projects/shopikuo/app/helpers/products_helper.rb": [
        1,
        null
      ],
      "/home/dev/Documents/September/_5thSep/Projects/shopikuo/spec/support/database_cleaner.rb": [
        1,
        null,
        1,
        1,
        null,
        null,
        1,
        0,
        null,
        null,
        1,
        0,
        null,
        null,
        1,
        0,
        null,
        null,
        1,
        0,
        null,
        null
      ],
      "/home/dev/Documents/September/_5thSep/Projects/shopikuo/app/controllers/products_controller.rb": [
        1,
        1,
        null,
        null,
        null,
        null,
        1,
        0,
        0,
        0,
        0,
        0,
        null,
        0,
        null,
        null,
        null,
        null,
        null,
        null,
        null,
        null,
        null,
        1,
        0,
        0,
        0,
        null,
        null,
        null,
        1,
        0,
        0,
        null,
        null,
        null,
        1,
        null,
        null,
        null,
        null,
        1,
        0,
        0,
        0,
        0,
        0,
        0,
        null,
        0,
        0,
        null,
        null,
        null,
        null,
        null,
        null,
        1,
        0,
        0,
        0,
        0,
        null,
        0,
        0,
        null,
        null,
        null,
        null,
        null,
        null,
        1,
        0,
        0,
        0,
        0,
        null,
        null,
        null,
        1,
        null,
        null,
        1,
        0,
        0,
        null,
        null,
        1,
        0,
        null,
        null
      ],
      "/home/dev/Documents/September/_5thSep/Projects/shopikuo/app/controllers/application_controller.rb": [
        1,
        1,
        1,
        null,
        1,
        0,
        null,
        null
      ],
      "/home/dev/Documents/September/_5thSep/Projects/shopikuo/spec/features/product/create_spec.rb": [
        1,
        null,
        1,
        1,
        1,
        1,
        1,
        0,
        null,
        1,
        0,
        null,
        1,
        0,
        0,
        0,
        0,
        0,
        0,
        0,
        0,
        null,
        0,
        null,
        null
      ],
      "/home/dev/Documents/September/_5thSep/Projects/shopikuo/spec/features/product/update_spec.rb": [
        1,
        null,
        1,
        1,
        1,
        1,
        1,
        0,
        null,
        1,
        0,
        null,
        1,
        0,
        0,
        0,
        0,
        0,
        0,
        0,
        0,
        null,
        0,
        0,
        0,
        0,
        0,
        0,
        0,
        0,
        null,
        0,
        null,
        null
      ],
      "/home/dev/Documents/September/_5thSep/Projects/shopikuo/spec/models/product_spec.rb": [
        null,
        null,
        1,
        null,
        1,
        1,
        null,
        1,
        0,
        null,
        null,
        1,
        1,
        1,
        1,
        1,
        1,
        null,
        null
      ],
      "/home/dev/Documents/September/_5thSep/Projects/shopikuo/app/models/product.rb": [
        1,
        1,
        1,
        1,
        1,
        1,
        1,
        null,
        1,
        null,
        1,
        null,
        1,
        0,
        0,
        null,
        0,
        null,
        null,
        null
      ]
    },
    "timestamp": 1538638781
  }
}
